[debug] [2024-04-17T18:22:24.404Z] ----------------------------------------------------------------------
[debug] [2024-04-17T18:22:24.406Z] Command:       /usr/local/bin/firebase /home/bernardo/.cache/firebase/tools/lib/node_modules/firebase-tools/lib/bin/firebase init
[debug] [2024-04-17T18:22:24.406Z] CLI Version:   13.7.2
[debug] [2024-04-17T18:22:24.406Z] Platform:      linux
[debug] [2024-04-17T18:22:24.407Z] Node Version:  v18.5.0
[debug] [2024-04-17T18:22:24.407Z] Time:          Wed Apr 17 2024 15:22:24 GMT-0300 (GMT-03:00)
[debug] [2024-04-17T18:22:24.407Z] ----------------------------------------------------------------------
[debug] 
[debug] [2024-04-17T18:22:24.481Z] > command requires scopes: ["email","openid","https://www.googleapis.com/auth/cloudplatformprojects.readonly","https://www.googleapis.com/auth/firebase","https://www.googleapis.com/auth/cloud-platform"]
[debug] [2024-04-17T18:22:24.482Z] > authorizing via signed-in user (bernardonvg@gmail.com)
[info] 
     ######## #### ########  ######## ########     ###     ######  ########
     ##        ##  ##     ## ##       ##     ##  ##   ##  ##       ##
     ######    ##  ########  ######   ########  #########  ######  ######
     ##        ##  ##    ##  ##       ##     ## ##     ##       ## ##
     ##       #### ##     ## ######## ########  ##     ##  ######  ########

You're about to initialize a Firebase project in this directory:

  /home/bernardo/AndroidStudioProjects/Imatch

Before we get started, keep in mind:

  * You are initializing within an existing Firebase project directory

[info] 
=== Project Setup
[info] 
[info] First, let's associate this project directory with a Firebase project.
[info] You can create multiple project aliases by running firebase use --add, 
[info] but for now we'll just set up a default project.
[info] 
[debug] [2024-04-17T18:22:29.600Z] Using project from CLI flag: agendarhora-9093e
[debug] [2024-04-17T18:22:29.604Z] >>> [apiv2][query] GET https://firebase.googleapis.com/v1beta1/projects/agendarhora-9093e [none]
[debug] [2024-04-17T18:22:30.084Z] <<< [apiv2][status] GET https://firebase.googleapis.com/v1beta1/projects/agendarhora-9093e 200
[debug] [2024-04-17T18:22:30.084Z] <<< [apiv2][body] GET https://firebase.googleapis.com/v1beta1/projects/agendarhora-9093e {"projectId":"agendarhora-9093e","projectNumber":"501152125153","displayName":"AgendarHora","name":"projects/agendarhora-9093e","resources":{"hostingSite":"agendarhora-9093e","realtimeDatabaseInstance":"agendarhora-9093e-default-rtdb","storageBucket":"agendarhora-9093e.appspot.com","locationId":"southamerica-east1"},"state":"ACTIVE","etag":"1_7ec05b19-181d-4147-8f4c-cf86a8da9f23"}
[info] i  Using project agendarhora-9093e (AgendarHora) 
[info] 
=== Database Setup
[info] i  database: ensuring required API firebasedatabase.googleapis.com is enabled... 
[debug] [2024-04-17T18:22:30.143Z] >>> [apiv2][query] GET https://serviceusage.googleapis.com/v1/projects/agendarhora-9093e/services/firebasedatabase.googleapis.com [none]
[debug] [2024-04-17T18:22:30.143Z] >>> [apiv2][(partial)header] GET https://serviceusage.googleapis.com/v1/projects/agendarhora-9093e/services/firebasedatabase.googleapis.com x-goog-quota-user=projects/agendarhora-9093e
[debug] [2024-04-17T18:22:31.370Z] <<< [apiv2][status] GET https://serviceusage.googleapis.com/v1/projects/agendarhora-9093e/services/firebasedatabase.googleapis.com 200
[debug] [2024-04-17T18:22:31.370Z] <<< [apiv2][body] GET https://serviceusage.googleapis.com/v1/projects/agendarhora-9093e/services/firebasedatabase.googleapis.com [omitted]
[info] ✔  database: required API firebasedatabase.googleapis.com is enabled 
[info] 
[debug] [2024-04-17T18:22:31.371Z] >>> [apiv2][query] GET https://firebasedatabase.googleapis.com/v1beta/projects/agendarhora-9093e/locations/-/instances/agendarhora-9093e-default-rtdb [none]
[debug] [2024-04-17T18:22:32.637Z] <<< [apiv2][status] GET https://firebasedatabase.googleapis.com/v1beta/projects/agendarhora-9093e/locations/-/instances/agendarhora-9093e-default-rtdb 200
[debug] [2024-04-17T18:22:32.638Z] <<< [apiv2][body] GET https://firebasedatabase.googleapis.com/v1beta/projects/agendarhora-9093e/locations/-/instances/agendarhora-9093e-default-rtdb {"name":"projects/501152125153/locations/us-central1/instances/agendarhora-9093e-default-rtdb","project":"projects/501152125153","databaseUrl":"https://agendarhora-9093e-default-rtdb.firebaseio.com","type":"DEFAULT_DATABASE","state":"ACTIVE"}
[info] 
[info] Firebase Realtime Database Security Rules allow you to define how your data should be
[info] structured and when your data can be read from and written to.
[info] 
[debug] [2024-04-17T18:22:40.844Z] >>> [apiv2][query] GET https://agendarhora-9093e-default-rtdb.firebaseio.com/.settings/rules.json [none]
[debug] [2024-04-17T18:22:41.520Z] <<< [apiv2][status] GET https://agendarhora-9093e-default-rtdb.firebaseio.com/.settings/rules.json 200
[debug] [2024-04-17T18:22:41.520Z] <<< [apiv2][body] GET https://agendarhora-9093e-default-rtdb.firebaseio.com/.settings/rules.json [stream]
[info] ✔  Database Rules for agendarhora-9093e-default-rtdb have been written to database.rules.json. 
[info] Future modifications to database.rules.json will update Realtime Database Security Rules when you run
[info] firebase deploy.
[info] 
=== Firestore Setup
[debug] [2024-04-17T18:22:41.522Z] >>> [apiv2][query] GET https://serviceusage.googleapis.com/v1/projects/agendarhora-9093e/services/firestore.googleapis.com [none]
[debug] [2024-04-17T18:22:41.522Z] >>> [apiv2][(partial)header] GET https://serviceusage.googleapis.com/v1/projects/agendarhora-9093e/services/firestore.googleapis.com x-goog-quota-user=projects/agendarhora-9093e
[debug] [2024-04-17T18:22:42.576Z] <<< [apiv2][status] GET https://serviceusage.googleapis.com/v1/projects/agendarhora-9093e/services/firestore.googleapis.com 200
[debug] [2024-04-17T18:22:42.577Z] <<< [apiv2][body] GET https://serviceusage.googleapis.com/v1/projects/agendarhora-9093e/services/firestore.googleapis.com [omitted]
[debug] [2024-04-17T18:22:42.578Z] >>> [apiv2][query] GET https://firestore.googleapis.com/v1/projects/agendarhora-9093e/databases/(default) [none]
[debug] [2024-04-17T18:22:42.783Z] <<< [apiv2][status] GET https://firestore.googleapis.com/v1/projects/agendarhora-9093e/databases/(default) 200
[debug] [2024-04-17T18:22:42.784Z] <<< [apiv2][body] GET https://firestore.googleapis.com/v1/projects/agendarhora-9093e/databases/(default) {"name":"projects/agendarhora-9093e/databases/(default)","uid":"4314f299-0302-4194-bfc3-6c937faf8962","createTime":"2024-02-09T17:59:46.883200Z","updateTime":"2024-02-09T17:59:46.883200Z","locationId":"southamerica-east1","type":"FIRESTORE_NATIVE","concurrencyMode":"PESSIMISTIC","versionRetentionPeriod":"3600s","earliestVersionTime":"2024-04-17T17:22:42.768425Z","appEngineIntegrationMode":"DISABLED","keyPrefix":"i","pointInTimeRecoveryEnablement":"POINT_IN_TIME_RECOVERY_DISABLED","deleteProtectionState":"DELETE_PROTECTION_DISABLED","etag":"INnxh4bvyYUDMNij9ZXko4UD"}
[debug] [2024-04-17T18:22:42.784Z] database_type: FIRESTORE_NATIVE
[debug] [2024-04-17T18:22:42.785Z] > command requires scopes: ["email","openid","https://www.googleapis.com/auth/cloudplatformprojects.readonly","https://www.googleapis.com/auth/firebase","https://www.googleapis.com/auth/cloud-platform"]
[debug] [2024-04-17T18:22:42.785Z] > authorizing via signed-in user (bernardonvg@gmail.com)
[debug] [2024-04-17T18:22:42.785Z] [iam] checking project agendarhora-9093e for permissions ["firebase.projects.get"]
[debug] [2024-04-17T18:22:42.787Z] >>> [apiv2][query] POST https://cloudresourcemanager.googleapis.com/v1/projects/agendarhora-9093e:testIamPermissions [none]
[debug] [2024-04-17T18:22:42.787Z] >>> [apiv2][(partial)header] POST https://cloudresourcemanager.googleapis.com/v1/projects/agendarhora-9093e:testIamPermissions x-goog-quota-user=projects/agendarhora-9093e
[debug] [2024-04-17T18:22:42.787Z] >>> [apiv2][body] POST https://cloudresourcemanager.googleapis.com/v1/projects/agendarhora-9093e:testIamPermissions {"permissions":["firebase.projects.get"]}
[debug] [2024-04-17T18:22:43.838Z] <<< [apiv2][status] POST https://cloudresourcemanager.googleapis.com/v1/projects/agendarhora-9093e:testIamPermissions 200
[debug] [2024-04-17T18:22:43.839Z] <<< [apiv2][body] POST https://cloudresourcemanager.googleapis.com/v1/projects/agendarhora-9093e:testIamPermissions {"permissions":["firebase.projects.get"]}
[info] 
[info] Firestore Security Rules allow you to define how and when to allow
[info] requests. You can keep these rules in your project directory
[info] and publish them with firebase deploy.
[info] 
[debug] [2024-04-17T18:22:54.499Z] >>> [apiv2][query] GET https://firebaserules.googleapis.com/v1/projects/agendarhora-9093e/releases pageSize=10&pageToken=
[debug] [2024-04-17T18:22:55.898Z] <<< [apiv2][status] GET https://firebaserules.googleapis.com/v1/projects/agendarhora-9093e/releases 200
[debug] [2024-04-17T18:22:55.899Z] <<< [apiv2][body] GET https://firebaserules.googleapis.com/v1/projects/agendarhora-9093e/releases {"releases":[{"name":"projects/agendarhora-9093e/releases/cloud.firestore","rulesetName":"projects/agendarhora-9093e/rulesets/5fe21cfe-1c74-4789-a018-2b4e84ed12b1","createTime":"2024-02-09T17:59:55.338902Z","updateTime":"2024-04-02T15:52:29.886599Z"},{"name":"projects/agendarhora-9093e/releases/firebase.storage/agendarhora-9093e.appspot.com","rulesetName":"projects/agendarhora-9093e/rulesets/f3c5afae-74f6-4710-87d5-262ccfd1cc07","createTime":"2024-03-18T19:28:56.640776Z","updateTime":"2024-03-18T19:28:56.640776Z"}]}
[debug] [2024-04-17T18:22:55.900Z] Found ruleset: projects/agendarhora-9093e/rulesets/5fe21cfe-1c74-4789-a018-2b4e84ed12b1
[debug] [2024-04-17T18:22:55.900Z] >>> [apiv2][query] GET https://firebaserules.googleapis.com/v1/projects/agendarhora-9093e/rulesets/5fe21cfe-1c74-4789-a018-2b4e84ed12b1 [none]
[debug] [2024-04-17T18:22:56.908Z] <<< [apiv2][status] GET https://firebaserules.googleapis.com/v1/projects/agendarhora-9093e/rulesets/5fe21cfe-1c74-4789-a018-2b4e84ed12b1 200
[debug] [2024-04-17T18:22:56.908Z] <<< [apiv2][body] GET https://firebaserules.googleapis.com/v1/projects/agendarhora-9093e/rulesets/5fe21cfe-1c74-4789-a018-2b4e84ed12b1 [omitted]
[info] 
[info] Firestore indexes allow you to perform complex queries while
[info] maintaining performance that scales with the size of the result
[info] set. You can keep index definitions in your project directory
[info] and publish them with firebase deploy.
[info] 
[debug] [2024-04-17T18:23:01.706Z] >>> [apiv2][query] GET https://firestore.googleapis.com/v1/projects/agendarhora-9093e/databases/(default)/collectionGroups/-/indexes [none]
[debug] [2024-04-17T18:23:01.708Z] >>> [apiv2][query] GET https://firestore.googleapis.com/v1/projects/agendarhora-9093e/databases/(default)/collectionGroups/-/fields?filter=indexConfig.usesAncestorConfig=false OR ttlConfig:* [none]
[debug] [2024-04-17T18:23:01.848Z] <<< [apiv2][status] GET https://firestore.googleapis.com/v1/projects/agendarhora-9093e/databases/(default)/collectionGroups/-/fields?filter=indexConfig.usesAncestorConfig=false OR ttlConfig:* 200
[debug] [2024-04-17T18:23:01.848Z] <<< [apiv2][body] GET https://firestore.googleapis.com/v1/projects/agendarhora-9093e/databases/(default)/collectionGroups/-/fields?filter=indexConfig.usesAncestorConfig=false OR ttlConfig:* {"fields":[{"name":"projects/agendarhora-9093e/databases/(default)/collectionGroups/__default__/fields/*","indexConfig":{"indexes":[{"queryScope":"COLLECTION","fields":[{"fieldPath":"*","order":"ASCENDING"}],"state":"READY"},{"queryScope":"COLLECTION","fields":[{"fieldPath":"*","order":"DESCENDING"}],"state":"READY"},{"queryScope":"COLLECTION","fields":[{"fieldPath":"*","arrayConfig":"CONTAINS"}],"state":"READY"}]}}]}
[debug] [2024-04-17T18:23:01.860Z] <<< [apiv2][status] GET https://firestore.googleapis.com/v1/projects/agendarhora-9093e/databases/(default)/collectionGroups/-/indexes 200
[debug] [2024-04-17T18:23:01.861Z] <<< [apiv2][body] GET https://firestore.googleapis.com/v1/projects/agendarhora-9093e/databases/(default)/collectionGroups/-/indexes {}
[info] 
=== Functions Setup
[debug] [2024-04-17T18:23:01.862Z] > command requires scopes: ["email","openid","https://www.googleapis.com/auth/cloudplatformprojects.readonly","https://www.googleapis.com/auth/firebase","https://www.googleapis.com/auth/cloud-platform"]
[debug] [2024-04-17T18:23:01.862Z] > authorizing via signed-in user (bernardonvg@gmail.com)
[debug] [2024-04-17T18:23:01.862Z] [iam] checking project agendarhora-9093e for permissions ["firebase.projects.get"]
[debug] [2024-04-17T18:23:01.862Z] >>> [apiv2][query] POST https://cloudresourcemanager.googleapis.com/v1/projects/agendarhora-9093e:testIamPermissions [none]
[debug] [2024-04-17T18:23:01.862Z] >>> [apiv2][(partial)header] POST https://cloudresourcemanager.googleapis.com/v1/projects/agendarhora-9093e:testIamPermissions x-goog-quota-user=projects/agendarhora-9093e
[debug] [2024-04-17T18:23:01.862Z] >>> [apiv2][body] POST https://cloudresourcemanager.googleapis.com/v1/projects/agendarhora-9093e:testIamPermissions {"permissions":["firebase.projects.get"]}
[debug] [2024-04-17T18:23:02.700Z] <<< [apiv2][status] POST https://cloudresourcemanager.googleapis.com/v1/projects/agendarhora-9093e:testIamPermissions 200
[debug] [2024-04-17T18:23:02.700Z] <<< [apiv2][body] POST https://cloudresourcemanager.googleapis.com/v1/projects/agendarhora-9093e:testIamPermissions {"permissions":["firebase.projects.get"]}
[debug] [2024-04-17T18:23:02.700Z] >>> [apiv2][query] GET https://serviceusage.googleapis.com/v1/projects/agendarhora-9093e/services/cloudfunctions.googleapis.com [none]
[debug] [2024-04-17T18:23:02.700Z] >>> [apiv2][(partial)header] GET https://serviceusage.googleapis.com/v1/projects/agendarhora-9093e/services/cloudfunctions.googleapis.com x-goog-quota-user=projects/agendarhora-9093e
[debug] [2024-04-17T18:23:02.703Z] >>> [apiv2][query] GET https://serviceusage.googleapis.com/v1/projects/agendarhora-9093e/services/runtimeconfig.googleapis.com [none]
[debug] [2024-04-17T18:23:02.703Z] >>> [apiv2][(partial)header] GET https://serviceusage.googleapis.com/v1/projects/agendarhora-9093e/services/runtimeconfig.googleapis.com x-goog-quota-user=projects/agendarhora-9093e
[debug] [2024-04-17T18:23:03.717Z] <<< [apiv2][status] GET https://serviceusage.googleapis.com/v1/projects/agendarhora-9093e/services/runtimeconfig.googleapis.com 200
[debug] [2024-04-17T18:23:03.718Z] <<< [apiv2][body] GET https://serviceusage.googleapis.com/v1/projects/agendarhora-9093e/services/runtimeconfig.googleapis.com [omitted]
[debug] [2024-04-17T18:23:03.793Z] <<< [apiv2][status] GET https://serviceusage.googleapis.com/v1/projects/agendarhora-9093e/services/cloudfunctions.googleapis.com 200
[debug] [2024-04-17T18:23:03.793Z] <<< [apiv2][body] GET https://serviceusage.googleapis.com/v1/projects/agendarhora-9093e/services/cloudfunctions.googleapis.com [omitted]
[debug] [2024-04-17T18:23:03.793Z] >>> [apiv2][query] POST https://serviceusage.googleapis.com/v1/projects/agendarhora-9093e/services/cloudfunctions.googleapis.com:enable [none]
[debug] [2024-04-17T18:23:03.793Z] >>> [apiv2][(partial)header] POST https://serviceusage.googleapis.com/v1/projects/agendarhora-9093e/services/cloudfunctions.googleapis.com:enable x-goog-quota-user=projects/agendarhora-9093e
[debug] [2024-04-17T18:23:05.387Z] <<< [apiv2][status] POST https://serviceusage.googleapis.com/v1/projects/agendarhora-9093e/services/cloudfunctions.googleapis.com:enable 200
[debug] [2024-04-17T18:23:05.388Z] <<< [apiv2][body] POST https://serviceusage.googleapis.com/v1/projects/agendarhora-9093e/services/cloudfunctions.googleapis.com:enable [omitted]
[debug] [2024-04-17T18:23:15.398Z] > refreshing access token with scopes: []
[debug] [2024-04-17T18:23:15.401Z] >>> [apiv2][query] POST https://www.googleapis.com/oauth2/v3/token [none]
[debug] [2024-04-17T18:23:15.401Z] >>> [apiv2][body] POST https://www.googleapis.com/oauth2/v3/token [omitted]
[debug] [2024-04-17T18:23:15.596Z] <<< [apiv2][status] POST https://www.googleapis.com/oauth2/v3/token 200
[debug] [2024-04-17T18:23:15.596Z] <<< [apiv2][body] POST https://www.googleapis.com/oauth2/v3/token [omitted]
[debug] [2024-04-17T18:23:15.708Z] >>> [apiv2][query] GET https://serviceusage.googleapis.com/v1/projects/agendarhora-9093e/services/cloudfunctions.googleapis.com [none]
[debug] [2024-04-17T18:23:15.708Z] >>> [apiv2][(partial)header] GET https://serviceusage.googleapis.com/v1/projects/agendarhora-9093e/services/cloudfunctions.googleapis.com x-goog-quota-user=projects/agendarhora-9093e
[debug] [2024-04-17T18:23:16.778Z] <<< [apiv2][status] GET https://serviceusage.googleapis.com/v1/projects/agendarhora-9093e/services/cloudfunctions.googleapis.com 200
[debug] [2024-04-17T18:23:16.778Z] <<< [apiv2][body] GET https://serviceusage.googleapis.com/v1/projects/agendarhora-9093e/services/cloudfunctions.googleapis.com [omitted]
[info] Let's create a new codebase for your functions.
[info] A directory corresponding to the codebase will be created in your project
[info] with sample code pre-configured.

[info] See https://firebase.google.com/docs/functions/organize-functions for
[info] more information on organizing your functions using codebases.

[info] Functions can be deployed with firebase deploy.

[info] ✔  Wrote functions/requirements.txt 
[info] ✔  Wrote functions/.gitignore 
[info] ✔  Wrote functions/main.py 
[debug] [2024-04-17T18:23:34.234Z] Running command with virtualenv: command=., args=["\"/home/bernardo/AndroidStudioProjects/Imatch/functions/venv/bin/activate\"","&&","pip3","install","--upgrade","pip"]
[debug] [2024-04-17T18:23:34.245Z] Running command with virtualenv: command=., args=["\"/home/bernardo/AndroidStudioProjects/Imatch/functions/venv/bin/activate\"","&&","python3.12","-m","pip","install","-r","requirements.txt"]
[info] 
=== Hosting Setup
[debug] [2024-04-17T18:23:34.258Z] >>> [apiv2][query] GET https://firebase.googleapis.com/v1beta1/projects/agendarhora-9093e [none]
[debug] [2024-04-17T18:23:34.665Z] <<< [apiv2][status] GET https://firebase.googleapis.com/v1beta1/projects/agendarhora-9093e 200
[debug] [2024-04-17T18:23:34.665Z] <<< [apiv2][body] GET https://firebase.googleapis.com/v1beta1/projects/agendarhora-9093e {"projectId":"agendarhora-9093e","projectNumber":"501152125153","displayName":"AgendarHora","name":"projects/agendarhora-9093e","resources":{"hostingSite":"agendarhora-9093e","realtimeDatabaseInstance":"agendarhora-9093e-default-rtdb","storageBucket":"agendarhora-9093e.appspot.com","locationId":"southamerica-east1"},"state":"ACTIVE","etag":"1_7ec05b19-181d-4147-8f4c-cf86a8da9f23"}
[info] 
[info] Your public directory is the folder (relative to your project directory) that
[info] will contain Hosting assets to be uploaded with firebase deploy. If you
[info] have a build process for your assets, use your build's output directory.
[info] 
[debug] [2024-04-17T18:23:45.233Z] >>> [apiv2][query] GET https://www.gstatic.com/firebasejs/releases.json [none]
[debug] [2024-04-17T18:23:45.393Z] <<< [apiv2][status] GET https://www.gstatic.com/firebasejs/releases.json 200
[debug] [2024-04-17T18:23:45.393Z] <<< [apiv2][body] GET https://www.gstatic.com/firebasejs/releases.json {"current":{"version":"10.11.0","browserURL":"https://www.gstatic.com/firebasejs/10.11.0/firebase.js","packageURL":"https://www.gstatic.com/firebasejs/10.11.0/firebase.tgz"},"live":{"version":"10.11","browserURL":"https://www.gstatic.com/firebasejs/live/10.11/firebase.js","packageURL":"https://www.gstatic.com/firebasejs/live/10.11/firebase.tgz"},"components":{"analytics":"https://www.gstatic.com/firebasejs/10.11.0/firebase-analytics.js","app":"https://www.gstatic.com/firebasejs/10.11.0/firebase-app.js","app-check":"https://www.gstatic.com/firebasejs/10.11.0/firebase-app-check.js","auth":"https://www.gstatic.com/firebasejs/10.11.0/firebase-auth.js","auth/cordova":"https://www.gstatic.com/firebasejs/10.11.0/firebase-auth/cordova.js","auth/web-extension":"https://www.gstatic.com/firebasejs/10.11.0/firebase-auth/web-extension.js","functions":"https://www.gstatic.com/firebasejs/10.11.0/firebase-functions.js","firestore":"https://www.gstatic.com/firebasejs/10.11.0/firebase-firestore.js","firestore/lite":"https://www.gstatic.com/firebasejs/10.11.0/firebase-firestore/lite.js","installations":"https://www.gstatic.com/firebasejs/10.11.0/firebase-installations.js","storage":"https://www.gstatic.com/firebasejs/10.11.0/firebase-storage.js","performance":"https://www.gstatic.com/firebasejs/10.11.0/firebase-performance.js","remote-config":"https://www.gstatic.com/firebasejs/10.11.0/firebase-remote-config.js","messaging":"https://www.gstatic.com/firebasejs/10.11.0/firebase-messaging.js","messaging/sw":"https://www.gstatic.com/firebasejs/10.11.0/firebase-messaging/sw.js","database":"https://www.gstatic.com/firebasejs/10.11.0/firebase-database.js","firestore.memory":"https://www.gstatic.com/firebasejs/10.11.0/firebase-firestore.memory.js"}}
[info] ✔  Wrote public/index.html 
[info] 
[info] i  Didn't detect a .git folder. Assuming /home/bernardo/AndroidStudioProjects/Imatch is the project root. 
[info] i  Authorizing with GitHub to upload your service account to a GitHub repository's secrets store. 
[info] 
[info] Visit this URL on this device to log in:
[info] https://github.com/login/oauth/authorize?client_id=89cf50f02ac6aaed3484&state=349509847&redirect_uri=http%3A%2F%2Flocalhost%3A9005&scope=read%3Auser%20repo%20public_repo
[info] 
[info] Waiting for authentication...
[debug] [2024-04-17T18:23:57.584Z] >>> [apiv2][query] POST https://github.com/login/oauth/access_token [none]
[debug] [2024-04-17T18:23:57.584Z] >>> [apiv2][body] POST https://github.com/login/oauth/access_token [stream]
[debug] [2024-04-17T18:23:57.848Z] <<< [apiv2][status] POST https://github.com/login/oauth/access_token 200
[debug] [2024-04-17T18:23:57.849Z] <<< [apiv2][body] POST https://github.com/login/oauth/access_token {"access_token":"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","token_type":"bearer","scope":"read:user,repo"}
[debug] [2024-04-17T18:23:57.868Z] >>> [apiv2][query] GET https://api.github.com/user [none]
[debug] [2024-04-17T18:23:58.149Z] <<< [apiv2][status] GET https://api.github.com/user 200
[debug] [2024-04-17T18:23:58.149Z] <<< [apiv2][body] GET https://api.github.com/user {"login":"bernardosantos16","id":137845435,"node_id":"U_kgDOCDdauw","avatar_url":"https://avatars.githubusercontent.com/u/137845435?v=4","gravatar_id":"","url":"https://api.github.com/users/bernardosantos16","html_url":"https://github.com/bernardosantos16","followers_url":"https://api.github.com/users/bernardosantos16/followers","following_url":"https://api.github.com/users/bernardosantos16/following{/other_user}","gists_url":"https://api.github.com/users/bernardosantos16/gists{/gist_id}","starred_url":"https://api.github.com/users/bernardosantos16/starred{/owner}{/repo}","subscriptions_url":"https://api.github.com/users/bernardosantos16/subscriptions","organizations_url":"https://api.github.com/users/bernardosantos16/orgs","repos_url":"https://api.github.com/users/bernardosantos16/repos","events_url":"https://api.github.com/users/bernardosantos16/events{/privacy}","received_events_url":"https://api.github.com/users/bernardosantos16/received_events","type":"User","site_admin":false,"name":"Bernardo dos Santos","company":null,"blog":"","location":null,"email":null,"hireable":null,"bio":null,"twitter_username":null,"public_repos":2,"public_gists":0,"followers":0,"following":0,"created_at":"2023-06-27T00:55:26Z","updated_at":"2024-02-23T17:23:05Z","private_gists":0,"total_private_repos":2,"owned_private_repos":2,"disk_usage":142,"collaborators":0,"two_factor_authentication":false,"plan":{"name":"free","space":976562499,"collaborators":0,"private_repos":10000}}
[info] 
[info] ✔  Success! Logged into GitHub as bernardosantos16 
[info] 
[debug] [2024-04-17T18:24:17.393Z] >>> [apiv2][query] GET https://api.github.com/repos//actions/secrets/public-key type=owner
[debug] [2024-04-17T18:24:17.688Z] <<< [apiv2][status] GET https://api.github.com/repos//actions/secrets/public-key 404
[debug] [2024-04-17T18:24:17.688Z] <<< [apiv2][body] GET https://api.github.com/repos//actions/secrets/public-key {"message":"Not Found","documentation_url":"https://docs.github.com/rest"}
[info] 
[info] 
[error] ⚠  The provided authorization cannot be used with this repository. If this repository is in an organization, did you remember to grant access? 
[info] 
[info] i  Action required: Visit this URL to ensure access has been granted to the appropriate organization(s) for the Firebase CLI GitHub OAuth App: 
[info] https://github.com/settings/connections/applications/89cf50f02ac6aaed3484
[info] 
